Build started 23/06/2013 10:54:53 PM.
     1>Project "F:\Work\Uni\CMPT 212\Project\legendofperseus\LegendOfPerseus\LegendOfPerseus.vcxproj" on node 2 (Build target(s)).
     1>ClCompile:
         D:\Program Files (x86)\Visual Studios 2012\VC\bin\CL.exe /c /I"C:\SFML\SFML-2.0\include" /ZI /nologo /W3 /WX- /sdl /Od /Oy- /D WIN32 /D _DEBUG /D _CONSOLE /D _UNICODE /D UNICODE /Gm /EHsc /RTC1 /MDd /GS /fp:precise /Zc:wchar_t /Zc:forScope /Yu"stdafx.h" /Fp"Debug\LegendOfPerseus.pch" /Fo"Debug\\" /Fd"Debug\vc110.pdb" /Gd /TP /analyze- /errorReport:prompt FollowMonster.cpp
         FollowMonster.cpp
     1>f:\work\uni\cmpt 212\project\legendofperseus\legendofperseus\followmonster.cpp(26): warning C4018: '<' : signed/unsigned mismatch
       Link:
         D:\Program Files (x86)\Visual Studios 2012\VC\bin\link.exe /ERRORREPORT:PROMPT /OUT:"F:\Work\Uni\CMPT 212\Project\legendofperseus\Debug\LegendOfPerseus.exe" /INCREMENTAL /NOLOGO /LIBPATH:"C:\SFML\SFML-2.0\lib" "sfml-graphics-d.lib" "sfml-window-d.lib" "sfml-system-d.lib" kernel32.lib user32.lib gdi32.lib winspool.lib comdlg32.lib advapi32.lib shell32.lib ole32.lib oleaut32.lib uuid.lib odbc32.lib odbccp32.lib kernel32.lib user32.lib gdi32.lib winspool.lib comdlg32.lib advapi32.lib shell32.lib ole32.lib oleaut32.lib uuid.lib odbc32.lib odbccp32.lib /MANIFEST /MANIFESTUAC:"level='asInvoker' uiAccess='false'" /manifest:embed /DEBUG /PDB:"F:\Work\Uni\CMPT 212\Project\legendofperseus\Debug\LegendOfPerseus.pdb" /SUBSYSTEM:CONSOLE /TLBID:1 /DYNAMICBASE /NXCOMPAT /IMPLIB:"F:\Work\Uni\CMPT 212\Project\legendofperseus\Debug\LegendOfPerseus.lib" /MACHINE:X86 Debug\Background.obj
         Debug\FollowMonster.obj
         Debug\HoverMonster.obj
         Debug\Hud.obj
         Debug\LegendOfPerseus.obj
         Debug\Menu.obj
         Debug\Perseus.obj
         Debug\Spear.obj
         Debug\stdafx.obj
         Debug\TestMonster.obj
         LegendOfPerseus.vcxproj -> F:\Work\Uni\CMPT 212\Project\legendofperseus\Debug\LegendOfPerseus.exe
     1>Done Building Project "F:\Work\Uni\CMPT 212\Project\legendofperseus\LegendOfPerseus\LegendOfPerseus.vcxproj" (Build target(s)).

Build succeeded.

Time Elapsed 00:00:00.94
